<?xml version="1.0" encoding="utf-8"?><testsuites name="pytest tests"><testsuite name="pytest" errors="0" failures="0" skipped="0" tests="22" time="1.605" timestamp="2026-03-31T03:36:20.087024+00:00" hostname="agent-env-7c752158-0750-4ff9-b192-6bc67b547f7f"><testcase classname="backend.tests.test_beeshop_api.TestAuthEndpoints" name="test_auth_me_returns_401_when_not_authenticated" time="0.149" /><testcase classname="backend.tests.test_beeshop_api.TestAuthEndpoints" name="test_google_login_returns_auth_url" time="0.091" /><testcase classname="backend.tests.test_beeshop_api.TestAuthEndpoints" name="test_google_login_requires_redirect_uri" time="0.046" /><testcase classname="backend.tests.test_beeshop_api.TestAuthEndpoints" name="test_logout_works" time="0.054" /><testcase classname="backend.tests.test_beeshop_api.TestItemsEndpoints" name="test_get_items_returns_list" time="0.043" /><testcase classname="backend.tests.test_beeshop_api.TestItemsEndpoints" name="test_create_item" time="0.047" /><testcase classname="backend.tests.test_beeshop_api.TestItemsEndpoints" name="test_create_duplicate_item_fails" time="0.061" /><testcase classname="backend.tests.test_beeshop_api.TestItemsEndpoints" name="test_update_item" time="0.045" /><testcase classname="backend.tests.test_beeshop_api.TestItemsEndpoints" name="test_update_nonexistent_item_fails" time="0.046" /><testcase classname="backend.tests.test_beeshop_api.TestItemsEndpoints" name="test_delete_item" time="0.139" /><testcase classname="backend.tests.test_beeshop_api.TestItemsEndpoints" name="test_delete_nonexistent_item_fails" time="0.057" /><testcase classname="backend.tests.test_beeshop_api.TestSessionsEndpoints" name="test_get_sessions_returns_list" time="0.044" /><testcase classname="backend.tests.test_beeshop_api.TestSessionsEndpoints" name="test_get_active_session" time="0.044" /><testcase classname="backend.tests.test_beeshop_api.TestSessionsEndpoints" name="test_create_session" time="0.133" /><testcase classname="backend.tests.test_beeshop_api.TestSessionsEndpoints" name="test_activate_session" time="0.103" /><testcase classname="backend.tests.test_beeshop_api.TestSessionsEndpoints" name="test_activate_nonexistent_session_fails" time="0.047" /><testcase classname="backend.tests.test_beeshop_api.TestSessionsEndpoints" name="test_delete_session" time="0.044" /><testcase classname="backend.tests.test_beeshop_api.TestStudentsEndpoints" name="test_get_students_returns_grouped_data_with_objects" time="0.045" /><testcase classname="backend.tests.test_beeshop_api.TestReportEndpoints" name="test_get_report_all_sessions" time="0.047" /><testcase classname="backend.tests.test_beeshop_api.TestReportEndpoints" name="test_get_item_report" time="0.045" /><testcase classname="backend.tests.test_beeshop_api.TestReportEndpoints" name="test_get_student_balances" time="0.043" /><testcase classname="backend.tests.test_beeshop_api.TestSessionsDateField" name="test_sessions_have_date_field" time="0.048" /></testsuite></testsuites>