<?xml version="1.0" encoding="utf-8"?><testsuites name="pytest tests"><testsuite name="pytest" errors="0" failures="0" skipped="0" tests="20" time="1.457" timestamp="2026-03-30T23:41:43.176553+00:00" hostname="agent-env-7c752158-0750-4ff9-b192-6bc67b547f7f"><testcase classname="backend.tests.test_beeshop_api.TestAuthEndpoints" name="test_auth_me_returns_401_when_not_authenticated" time="0.169" /><testcase classname="backend.tests.test_beeshop_api.TestAuthEndpoints" name="test_google_login_returns_auth_url" time="0.051" /><testcase classname="backend.tests.test_beeshop_api.TestAuthEndpoints" name="test_google_login_requires_redirect_uri" time="0.048" /><testcase classname="backend.tests.test_beeshop_api.TestAuthEndpoints" name="test_logout_works" time="0.053" /><testcase classname="backend.tests.test_beeshop_api.TestItemsEndpoints" name="test_get_items_returns_list" time="0.048" /><testcase classname="backend.tests.test_beeshop_api.TestItemsEndpoints" name="test_create_item" time="0.047" /><testcase classname="backend.tests.test_beeshop_api.TestItemsEndpoints" name="test_create_duplicate_item_fails" time="0.056" /><testcase classname="backend.tests.test_beeshop_api.TestItemsEndpoints" name="test_update_item" time="0.052" /><testcase classname="backend.tests.test_beeshop_api.TestItemsEndpoints" name="test_update_nonexistent_item_fails" time="0.048" /><testcase classname="backend.tests.test_beeshop_api.TestItemsEndpoints" name="test_delete_item" time="0.101" /><testcase classname="backend.tests.test_beeshop_api.TestItemsEndpoints" name="test_delete_nonexistent_item_fails" time="0.051" /><testcase classname="backend.tests.test_beeshop_api.TestSessionsEndpoints" name="test_get_sessions_returns_list" time="0.046" /><testcase classname="backend.tests.test_beeshop_api.TestSessionsEndpoints" name="test_get_active_session" time="0.058" /><testcase classname="backend.tests.test_beeshop_api.TestSessionsEndpoints" name="test_create_session" time="0.096" /><testcase classname="backend.tests.test_beeshop_api.TestSessionsEndpoints" name="test_activate_session" time="0.098" /><testcase classname="backend.tests.test_beeshop_api.TestSessionsEndpoints" name="test_activate_nonexistent_session_fails" time="0.055" /><testcase classname="backend.tests.test_beeshop_api.TestSessionsEndpoints" name="test_delete_session" time="0.048" /><testcase classname="backend.tests.test_beeshop_api.TestStudentsEndpoints" name="test_get_students_returns_grouped_data" time="0.059" /><testcase classname="backend.tests.test_beeshop_api.TestReportEndpoints" name="test_get_report_all_sessions" time="0.047" /><testcase classname="backend.tests.test_beeshop_api.TestReportEndpoints" name="test_get_item_report" time="0.046" /></testsuite></testsuites>